<?xml version="1.0" encoding="UTF-8"?>
<!-- Generated by org.testng.reporters.JUnitXMLReporter -->
<testsuite ignored="0" hostname="DESKTOP-VNM1TQQ" failures="0" tests="2" name="Test" time="79.894" errors="0" timestamp="2022-03-08T09:01:23 COT">
  <testcase classname="com.testNG.RunPagos" name="@AfterClass afterClass" time="0.04">
    <failure type="org.openqa.selenium.UnsupportedCommandException" message="The requested resource could not be found, or a request was received using an HTTP method that is not supported by the mapped resource
Build info: version: &amp;apos;3.141.59&amp;apos;, revision: &amp;apos;e82be7d358&amp;apos;, time: &amp;apos;2018-11-14T08:17:03&amp;apos;
System info: host: &amp;apos;DESKTOP-VNM1TQQ&amp;apos;, ip: &amp;apos;192.168.1.2&amp;apos;, os.name: &amp;apos;Windows 10&amp;apos;, os.arch: &amp;apos;amd64&amp;apos;, os.version: &amp;apos;10.0&amp;apos;, java.version: &amp;apos;17.0.2&amp;apos;
Driver info: io.appium.java_client.android.AndroidDriver
Capabilities {appActivity: com.clarocolombia.miclaro.a..., appPackage: com.clarocolombia.miclaro.d..., autoGrantPermissior: true, databaseEnabled: false, desired: {appActivity: com.clarocolombia.miclaro.a..., appPackage: com.clarocolombia.miclaro.d..., autoGrantPermissior: true, deviceName: fda3e42d, noReset: true, platformName: android, platformVersion: 7.1}, deviceApiLevel: 25, deviceManufacturer: samsung, deviceModel: SM-J250M, deviceName: fda3e42d, deviceScreenDensity: 240, deviceScreenSize: 540x960, deviceUDID: fda3e42d, javascriptEnabled: true, locationContextEnabled: false, networkConnectionEnabled: true, noReset: true, pixelRatio: 1.5, platform: LINUX, platformName: Android, platformVersion: 7.1.1, statBarHeight: 36, takesScreenshot: true, viewportRect: {height: 924, left: 0, top: 36, width: 540}, warnings: {}, webStorageEnabled: false}
Session ID: c588e0a0-61be-46fa-877f-0c999225e303">
      <![CDATA[org.openqa.selenium.UnsupportedCommandException: The requested resource could not be found, or a request was received using an HTTP method that is not supported by the mapped resource
Build info: version: '3.141.59', revision: 'e82be7d358', time: '2018-11-14T08:17:03'
System info: host: 'DESKTOP-VNM1TQQ', ip: '192.168.1.2', os.name: 'Windows 10', os.arch: 'amd64', os.version: '10.0', java.version: '17.0.2'
Driver info: io.appium.java_client.android.AndroidDriver
Capabilities {appActivity: com.clarocolombia.miclaro.a..., appPackage: com.clarocolombia.miclaro.d..., autoGrantPermissior: true, databaseEnabled: false, desired: {appActivity: com.clarocolombia.miclaro.a..., appPackage: com.clarocolombia.miclaro.d..., autoGrantPermissior: true, deviceName: fda3e42d, noReset: true, platformName: android, platformVersion: 7.1}, deviceApiLevel: 25, deviceManufacturer: samsung, deviceModel: SM-J250M, deviceName: fda3e42d, deviceScreenDensity: 240, deviceScreenSize: 540x960, deviceUDID: fda3e42d, javascriptEnabled: true, locationContextEnabled: false, networkConnectionEnabled: true, noReset: true, pixelRatio: 1.5, platform: LINUX, platformName: Android, platformVersion: 7.1.1, statBarHeight: 36, takesScreenshot: true, viewportRect: {height: 924, left: 0, top: 36, width: 540}, warnings: {}, webStorageEnabled: false}
Session ID: c588e0a0-61be-46fa-877f-0c999225e303
at org.openqa.selenium.remote.http.W3CHttpResponseCodec.createException(W3CHttpResponseCodec.java:187)
at org.openqa.selenium.remote.http.W3CHttpResponseCodec.decode(W3CHttpResponseCodec.java:122)
at org.openqa.selenium.remote.http.W3CHttpResponseCodec.decode(W3CHttpResponseCodec.java:49)
at org.openqa.selenium.remote.HttpCommandExecutor.execute(HttpCommandExecutor.java:158)
at io.appium.java_client.remote.AppiumCommandExecutor.execute(AppiumCommandExecutor.java:250)
at org.openqa.selenium.remote.RemoteWebDriver.execute(RemoteWebDriver.java:552)
at io.appium.java_client.DefaultGenericMobileDriver.execute(DefaultGenericMobileDriver.java:45)
at io.appium.java_client.AppiumDriver.execute(AppiumDriver.java:1)
at io.appium.java_client.android.AndroidDriver.execute(AndroidDriver.java:1)
at org.openqa.selenium.remote.RemoteWebDriver.close(RemoteWebDriver.java:442)
at com.testNG.RunPagos.afterClass(RunPagos.java:166)
at java.base/java.util.ArrayList.forEach(ArrayList.java:1511)
... Removed 30 stack frames]]>
    </failure>
  </testcase> <!-- @AfterClass afterClass -->
  <testcase classname="com.testNG.EjemploTestNG" name="pruebaInicialTest" time="28.546"/>
  <testcase classname="com.testNG.RunPagos" name="Pagos" time="0.005"/>
</testsuite> <!-- Test -->
