<?xml version="1.0" encoding="UTF-8"?>
<testng-results ignored="0" total="2" passed="2" failed="0" skipped="0">
  <reporter-output>
  </reporter-output>
  <suite started-at="2022-03-08T09:00:03 COT" name="Suite" finished-at="2022-03-08T09:01:23 COT" duration-ms="79894">
    <groups>
    </groups>
    <test started-at="2022-03-08T09:00:03 COT" name="Test" finished-at="2022-03-08T09:01:23 COT" duration-ms="79894">
      <class name="com.testNG.EjemploTestNG">
        <test-method is-config="true" signature="beforeClass(java.lang.String, java.lang.String, java.lang.String, java.lang.String, java.lang.String, java.lang.String, java.lang.String, java.lang.String, java.lang.String)[pri:0, instance:com.testNG.EjemploTestNG@5223e5ee]" started-at="2022-03-08T09:00:03 COT" name="beforeClass" finished-at="2022-03-08T09:00:26 COT" duration-ms="22911" status="PASS">
          <params>
            <param index="0">
              <value>
                <![CDATA[./imagenes/logo_periferia.png]]>
              </value>
            </param>
            <param index="1">
              <value>
                <![CDATA[./output/]]>
              </value>
            </param>
            <param index="2">
              <value>
                <![CDATA[Android]]>
              </value>
            </param>
            <param index="3">
              <value>
                <![CDATA[fda3e42d]]>
              </value>
            </param>
            <param index="4">
              <value>
                <![CDATA[7.1]]>
              </value>
            </param>
            <param index="5">
              <value>
                <![CDATA[com.clarocolombia.miclaro.debug]]>
              </value>
            </param>
            <param index="6">
              <value>
                <![CDATA[com.clarocolombia.miclaro.activities.Splash]]>
              </value>
            </param>
            <param index="7">
              <value>
                <![CDATA[true]]>
              </value>
            </param>
            <param index="8">
              <value>
                <![CDATA[true]]>
              </value>
            </param>
          </params>
          <reporter-output>
          </reporter-output>
        </test-method> <!-- beforeClass -->
        <test-method signature="pruebaInicialTest(java.lang.String, java.lang.String, java.lang.String, java.lang.String, java.lang.String, java.lang.String, java.lang.String, java.lang.String, java.lang.String)[pri:5, instance:com.testNG.EjemploTestNG@5223e5ee]" started-at="2022-03-08T09:00:27 COT" name="pruebaInicialTest" data-provider="ClaroMobil" finished-at="2022-03-08T09:00:55 COT" duration-ms="28546" status="PASS">
          <params>
            <param index="0">
              <value>
                <![CDATA[Si]]>
              </value>
            </param>
            <param index="1">
              <value>
                <![CDATA[Si]]>
              </value>
            </param>
            <param index="2">
              <value>
                <![CDATA[La Loma ]]>
              </value>
            </param>
            <param index="3">
              <value>
                <![CDATA[312]]>
              </value>
            </param>
            <param index="4">
              <value>
                <![CDATA[333]]>
              </value>
            </param>
            <param index="5">
              <value>
                <![CDATA[5455]]>
              </value>
            </param>
            <param index="6">
              <value>
                <![CDATA[8956]]>
              </value>
            </param>
            <param index="7">
              <value>
                <![CDATA[pruebitasportal202166@yoggm.com]]>
              </value>
            </param>
            <param index="8">
              <value>
                <![CDATA[Claro1234]]>
              </value>
            </param>
          </params>
          <reporter-output>
          </reporter-output>
        </test-method> <!-- pruebaInicialTest -->
        <test-method is-config="true" signature="afterClass()[pri:0, instance:com.testNG.EjemploTestNG@5223e5ee]" started-at="2022-03-08T09:00:55 COT" name="afterClass" finished-at="2022-03-08T09:01:02 COT" duration-ms="6369" status="PASS">
          <reporter-output>
          </reporter-output>
        </test-method> <!-- afterClass -->
      </class> <!-- com.testNG.EjemploTestNG -->
      <class name="com.testNG.RunPagos">
        <test-method is-config="true" signature="beforeClass(java.lang.String, java.lang.String, java.lang.String, java.lang.String, java.lang.String, java.lang.String, java.lang.String, java.lang.String, java.lang.String)[pri:0, instance:com.testNG.RunPagos@bef2d72]" started-at="2022-03-08T09:01:02 COT" name="beforeClass" finished-at="2022-03-08T09:01:23 COT" duration-ms="21008" status="PASS">
          <params>
            <param index="0">
              <value>
                <![CDATA[./imagenes/logo_periferia.png]]>
              </value>
            </param>
            <param index="1">
              <value>
                <![CDATA[./output/]]>
              </value>
            </param>
            <param index="2">
              <value>
                <![CDATA[Android]]>
              </value>
            </param>
            <param index="3">
              <value>
                <![CDATA[fda3e42d]]>
              </value>
            </param>
            <param index="4">
              <value>
                <![CDATA[7.1]]>
              </value>
            </param>
            <param index="5">
              <value>
                <![CDATA[com.clarocolombia.miclaro.debug]]>
              </value>
            </param>
            <param index="6">
              <value>
                <![CDATA[com.clarocolombia.miclaro.activities.Splash]]>
              </value>
            </param>
            <param index="7">
              <value>
                <![CDATA[true]]>
              </value>
            </param>
            <param index="8">
              <value>
                <![CDATA[true]]>
              </value>
            </param>
          </params>
          <reporter-output>
          </reporter-output>
        </test-method> <!-- beforeClass -->
        <test-method signature="Pagos(java.lang.String, java.lang.String, java.lang.String, java.lang.String, java.lang.String, java.lang.String, java.lang.String, java.lang.String, java.lang.String)[pri:0, instance:com.testNG.RunPagos@bef2d72]" started-at="2022-03-08T09:01:23 COT" name="Pagos" data-provider="Garuda" finished-at="2022-03-08T09:01:23 COT" duration-ms="5" status="PASS">
          <params>
            <param index="0">
              <value>
                <![CDATA[No]]>
              </value>
            </param>
            <param index="1">
              <value>
                <![CDATA[Si]]>
              </value>
            </param>
            <param index="2">
              <value>
                <![CDATA[pruebitasportal202166@yoggm.com]]>
              </value>
            </param>
            <param index="3">
              <value>
                <![CDATA[Claro1234]]>
              </value>
            </param>
            <param index="4">
              <value>
                <![CDATA[5409682368847300]]>
              </value>
            </param>
            <param index="5">
              <value>
                <![CDATA[4569]]>
              </value>
            </param>
            <param index="6">
              <value>
                <![CDATA[LuisPerezRodriguez]]>
              </value>
            </param>
            <param index="7">
              <value>
                <![CDATA[1024455454]]>
              </value>
            </param>
            <param index="8">
              <value>
                <![CDATA[3225556669]]>
              </value>
            </param>
          </params>
          <reporter-output>
          </reporter-output>
        </test-method> <!-- Pagos -->
        <test-method is-config="true" signature="afterClass()[pri:0, instance:com.testNG.RunPagos@bef2d72]" started-at="2022-03-08T09:01:23 COT" name="afterClass" finished-at="2022-03-08T09:01:23 COT" duration-ms="40" status="FAIL">
          <exception class="org.openqa.selenium.UnsupportedCommandException">
            <message>
              <![CDATA[The requested resource could not be found, or a request was received using an HTTP method that is not supported by the mapped resource
Build info: version: '3.141.59', revision: 'e82be7d358', time: '2018-11-14T08:17:03'
System info: host: 'DESKTOP-VNM1TQQ', ip: '192.168.1.2', os.name: 'Windows 10', os.arch: 'amd64', os.version: '10.0', java.version: '17.0.2'
Driver info: io.appium.java_client.android.AndroidDriver
Capabilities {appActivity: com.clarocolombia.miclaro.a..., appPackage: com.clarocolombia.miclaro.d..., autoGrantPermissior: true, databaseEnabled: false, desired: {appActivity: com.clarocolombia.miclaro.a..., appPackage: com.clarocolombia.miclaro.d..., autoGrantPermissior: true, deviceName: fda3e42d, noReset: true, platformName: android, platformVersion: 7.1}, deviceApiLevel: 25, deviceManufacturer: samsung, deviceModel: SM-J250M, deviceName: fda3e42d, deviceScreenDensity: 240, deviceScreenSize: 540x960, deviceUDID: fda3e42d, javascriptEnabled: true, locationContextEnabled: false, networkConnectionEnabled: true, noReset: true, pixelRatio: 1.5, platform: LINUX, platformName: Android, platformVersion: 7.1.1, statBarHeight: 36, takesScreenshot: true, viewportRect: {height: 924, left: 0, top: 36, width: 540}, warnings: {}, webStorageEnabled: false}
Session ID: c588e0a0-61be-46fa-877f-0c999225e303]]>
            </message>
            <full-stacktrace>
              <![CDATA[org.openqa.selenium.UnsupportedCommandException: The requested resource could not be found, or a request was received using an HTTP method that is not supported by the mapped resource
Build info: version: '3.141.59', revision: 'e82be7d358', time: '2018-11-14T08:17:03'
System info: host: 'DESKTOP-VNM1TQQ', ip: '192.168.1.2', os.name: 'Windows 10', os.arch: 'amd64', os.version: '10.0', java.version: '17.0.2'
Driver info: io.appium.java_client.android.AndroidDriver
Capabilities {appActivity: com.clarocolombia.miclaro.a..., appPackage: com.clarocolombia.miclaro.d..., autoGrantPermissior: true, databaseEnabled: false, desired: {appActivity: com.clarocolombia.miclaro.a..., appPackage: com.clarocolombia.miclaro.d..., autoGrantPermissior: true, deviceName: fda3e42d, noReset: true, platformName: android, platformVersion: 7.1}, deviceApiLevel: 25, deviceManufacturer: samsung, deviceModel: SM-J250M, deviceName: fda3e42d, deviceScreenDensity: 240, deviceScreenSize: 540x960, deviceUDID: fda3e42d, javascriptEnabled: true, locationContextEnabled: false, networkConnectionEnabled: true, noReset: true, pixelRatio: 1.5, platform: LINUX, platformName: Android, platformVersion: 7.1.1, statBarHeight: 36, takesScreenshot: true, viewportRect: {height: 924, left: 0, top: 36, width: 540}, warnings: {}, webStorageEnabled: false}
Session ID: c588e0a0-61be-46fa-877f-0c999225e303
at java.base/jdk.internal.reflect.NativeConstructorAccessorImpl.newInstance0(Native Method)
at java.base/jdk.internal.reflect.NativeConstructorAccessorImpl.newInstance(NativeConstructorAccessorImpl.java:77)
at java.base/jdk.internal.reflect.DelegatingConstructorAccessorImpl.newInstance(DelegatingConstructorAccessorImpl.java:45)
at java.base/java.lang.reflect.Constructor.newInstanceWithCaller(Constructor.java:499)
at java.base/java.lang.reflect.Constructor.newInstance(Constructor.java:480)
at org.openqa.selenium.remote.http.W3CHttpResponseCodec.createException(W3CHttpResponseCodec.java:187)
at org.openqa.selenium.remote.http.W3CHttpResponseCodec.decode(W3CHttpResponseCodec.java:122)
at org.openqa.selenium.remote.http.W3CHttpResponseCodec.decode(W3CHttpResponseCodec.java:49)
at org.openqa.selenium.remote.HttpCommandExecutor.execute(HttpCommandExecutor.java:158)
at io.appium.java_client.remote.AppiumCommandExecutor.execute(AppiumCommandExecutor.java:250)
at org.openqa.selenium.remote.RemoteWebDriver.execute(RemoteWebDriver.java:552)
at io.appium.java_client.DefaultGenericMobileDriver.execute(DefaultGenericMobileDriver.java:45)
at io.appium.java_client.AppiumDriver.execute(AppiumDriver.java:1)
at io.appium.java_client.android.AndroidDriver.execute(AndroidDriver.java:1)
at org.openqa.selenium.remote.RemoteWebDriver.close(RemoteWebDriver.java:442)
at com.testNG.RunPagos.afterClass(RunPagos.java:166)
at java.base/jdk.internal.reflect.NativeMethodAccessorImpl.invoke0(Native Method)
at java.base/jdk.internal.reflect.NativeMethodAccessorImpl.invoke(NativeMethodAccessorImpl.java:77)
at java.base/jdk.internal.reflect.DelegatingMethodAccessorImpl.invoke(DelegatingMethodAccessorImpl.java:43)
at java.base/java.lang.reflect.Method.invoke(Method.java:568)
at org.testng.internal.MethodInvocationHelper.invokeMethod(MethodInvocationHelper.java:134)
at org.testng.internal.MethodInvocationHelper.invokeMethodConsideringTimeout(MethodInvocationHelper.java:63)
at org.testng.internal.ConfigInvoker.invokeConfigurationMethod(ConfigInvoker.java:348)
at org.testng.internal.ConfigInvoker.invokeConfigurations(ConfigInvoker.java:302)
at org.testng.internal.TestMethodWorker.invokeAfterClassMethods(TestMethodWorker.java:217)
at org.testng.internal.TestMethodWorker.run(TestMethodWorker.java:130)
at java.base/java.util.ArrayList.forEach(ArrayList.java:1511)
at org.testng.TestRunner.privateRun(TestRunner.java:766)
at org.testng.TestRunner.run(TestRunner.java:587)
at org.testng.SuiteRunner.runTest(SuiteRunner.java:384)
at org.testng.SuiteRunner.runSequentially(SuiteRunner.java:378)
at org.testng.SuiteRunner.privateRun(SuiteRunner.java:337)
at org.testng.SuiteRunner.run(SuiteRunner.java:286)
at org.testng.SuiteRunnerWorker.runSuite(SuiteRunnerWorker.java:53)
at org.testng.SuiteRunnerWorker.run(SuiteRunnerWorker.java:96)
at org.testng.TestNG.runSuitesSequentially(TestNG.java:1187)
at org.testng.TestNG.runSuitesLocally(TestNG.java:1109)
at org.testng.TestNG.runSuites(TestNG.java:1039)
at org.testng.TestNG.run(TestNG.java:1007)
at org.testng.remote.AbstractRemoteTestNG.run(AbstractRemoteTestNG.java:115)
at org.testng.remote.RemoteTestNG.initAndRun(RemoteTestNG.java:251)
at org.testng.remote.RemoteTestNG.main(RemoteTestNG.java:77)
]]>
            </full-stacktrace>
          </exception> <!-- org.openqa.selenium.UnsupportedCommandException -->
          <reporter-output>
          </reporter-output>
        </test-method> <!-- afterClass -->
      </class> <!-- com.testNG.RunPagos -->
    </test> <!-- Test -->
  </suite> <!-- Suite -->
</testng-results>
